c:\users\pvend\onedrive\рабочий стол\lab03-master\lab03\x64\debug\vc143.pdb
c:\users\pvend\onedrive\рабочий стол\lab03-master\lab03\x64\debug\vc143.idb
c:\users\pvend\onedrive\рабочий стол\lab03-master\lab03\x64\debug\test.obj
c:\users\pvend\onedrive\рабочий стол\lab03-master\lab03\x64\debug\lab03.obj
c:\users\pvend\onedrive\рабочий стол\lab03\lab03\x64\debug\vc143.pdb
c:\users\pvend\onedrive\рабочий стол\lab03\lab03\x64\debug\vc143.idb
c:\users\pvend\onedrive\рабочий стол\lab03\lab03\x64\debug\test.obj
c:\users\pvend\onedrive\рабочий стол\lab03\lab03\x64\debug\lab03.obj
c:\users\pvend\onedrive\рабочий стол\lab03-master\x64\debug\lab03.exe
c:\users\pvend\onedrive\рабочий стол\lab03-master\lab03\x64\debug\lab03.ilk
c:\users\pvend\onedrive\рабочий стол\lab03-master\x64\debug\lab03.pdb
c:\users\pvend\onedrive\рабочий стол\lab03\x64\debug\lab03.exe
c:\users\pvend\onedrive\рабочий стол\lab03\lab03\x64\debug\lab03.ilk
c:\users\pvend\onedrive\рабочий стол\lab03\x64\debug\lab03.pdb
c:\users\pvend\onedrive\рабочий стол\lab03\lab03\x64\debug\lab03.tlog\cl.command.1.tlog
c:\users\pvend\onedrive\рабочий стол\lab03\lab03\x64\debug\lab03.tlog\cl.read.1.tlog
c:\users\pvend\onedrive\рабочий стол\lab03\lab03\x64\debug\lab03.tlog\cl.write.1.tlog
c:\users\pvend\onedrive\рабочий стол\lab03\lab03\x64\debug\lab03.tlog\link.command.1.tlog
c:\users\pvend\onedrive\рабочий стол\lab03\lab03\x64\debug\lab03.tlog\link.read.1.tlog
c:\users\pvend\onedrive\рабочий стол\lab03\lab03\x64\debug\lab03.tlog\link.write.1.tlog
